
*** Running vivado
    with args -log TOP_final.vds -m64 -product Vivado -mode batch -messageDb vivado.pb -notrace -source TOP_final.tcl



****** Vivado v2022.1 (64-bit)
  **** SW Build 3526262 on Mon Apr 18 15:48:16 MDT 2022
  **** IP Build 3524634 on Mon Apr 18 20:55:01 MDT 2022
    ** Copyright 1986-2022 Xilinx, Inc. All Rights Reserved.

source TOP_final.tcl -notrace
create_project: Time (s): cpu = 00:00:09 ; elapsed = 00:00:12 . Memory (MB): peak = 1391.371 ; gain = 625.027
Command: read_checkpoint -auto_incremental -incremental C:/Users/chemi/Desktop/TRABAJO_SED_DEFINITIVO_2/con_top_sin_display/con_top_sin_display.srcs/utils_1/imports/synth_1/FMS_GENERAL.dcp
INFO: [Vivado 12-5825] Read reference checkpoint from C:/Users/chemi/Desktop/TRABAJO_SED_DEFINITIVO_2/con_top_sin_display/con_top_sin_display.srcs/utils_1/imports/synth_1/FMS_GENERAL.dcp for incremental synthesis
INFO: [Vivado 12-7989] Please ensure there are no constraint changes
Command: synth_design -top TOP_final -part xc7a100tcsg324-1
Starting synth_design
Attempting to get a license for feature 'Synthesis' and/or device 'xc7a100t'
INFO: [Common 17-349] Got license for feature 'Synthesis' and/or device 'xc7a100t'
INFO: [Device 21-403] Loading part xc7a100tcsg324-1
INFO: [Designutils 20-5440] No compile time benefit to using incremental synthesis; A full resynthesis will be run
INFO: [Designutils 20-4379] Flow is switching to default flow due to incremental criteria not met. If you would like to alter this behaviour and have the flow terminate instead, please set the following parameter config_implementation {autoIncr.Synth.RejectBehavior Terminate}
INFO: [Synth 8-7079] Multithreading enabled for synth_design using a maximum of 2 processes.
INFO: [Synth 8-7078] Launching helper process for spawning children vivado processes
INFO: [Synth 8-7075] Helper process launched with PID 26608
---------------------------------------------------------------------------------
Starting RTL Elaboration : Time (s): cpu = 00:00:05 ; elapsed = 00:00:08 . Memory (MB): peak = 1391.371 ; gain = 0.000
---------------------------------------------------------------------------------
INFO: [Synth 8-638] synthesizing module 'TOP_final' [C:/Users/chemi/Desktop/TRABAJO_SED_DEFINITIVO_2/con_top_sin_display/con_top_sin_display.srcs/sources_1/new/TOP_final.vhd:45]
INFO: [Synth 8-3491] module 'SYNK_B' declared at 'C:/Users/chemi/Desktop/TRABAJO_SED_DEFINITIVO_2/con_top_sin_display/con_top_sin_display.srcs/sources_1/new/SYNK_B.vhd:34' bound to instance 'sync_B1' of component 'SYNK_B' [C:/Users/chemi/Desktop/TRABAJO_SED_DEFINITIVO_2/con_top_sin_display/con_top_sin_display.srcs/sources_1/new/TOP_final.vhd:74]
INFO: [Synth 8-638] synthesizing module 'SYNK_B' [C:/Users/chemi/Desktop/TRABAJO_SED_DEFINITIVO_2/con_top_sin_display/con_top_sin_display.srcs/sources_1/new/SYNK_B.vhd:42]
INFO: [Synth 8-256] done synthesizing module 'SYNK_B' (0#1) [C:/Users/chemi/Desktop/TRABAJO_SED_DEFINITIVO_2/con_top_sin_display/con_top_sin_display.srcs/sources_1/new/SYNK_B.vhd:42]
INFO: [Synth 8-3491] module 'SYNK_B' declared at 'C:/Users/chemi/Desktop/TRABAJO_SED_DEFINITIVO_2/con_top_sin_display/con_top_sin_display.srcs/sources_1/new/SYNK_B.vhd:34' bound to instance 'sync_B2' of component 'SYNK_B' [C:/Users/chemi/Desktop/TRABAJO_SED_DEFINITIVO_2/con_top_sin_display/con_top_sin_display.srcs/sources_1/new/TOP_final.vhd:75]
INFO: [Synth 8-3491] module 'SYNK_B' declared at 'C:/Users/chemi/Desktop/TRABAJO_SED_DEFINITIVO_2/con_top_sin_display/con_top_sin_display.srcs/sources_1/new/SYNK_B.vhd:34' bound to instance 'sync_B3' of component 'SYNK_B' [C:/Users/chemi/Desktop/TRABAJO_SED_DEFINITIVO_2/con_top_sin_display/con_top_sin_display.srcs/sources_1/new/TOP_final.vhd:76]
INFO: [Synth 8-3491] module 'SYNK_B' declared at 'C:/Users/chemi/Desktop/TRABAJO_SED_DEFINITIVO_2/con_top_sin_display/con_top_sin_display.srcs/sources_1/new/SYNK_B.vhd:34' bound to instance 'sync_B4' of component 'SYNK_B' [C:/Users/chemi/Desktop/TRABAJO_SED_DEFINITIVO_2/con_top_sin_display/con_top_sin_display.srcs/sources_1/new/TOP_final.vhd:77]
INFO: [Synth 8-3491] module 'SYNK_B' declared at 'C:/Users/chemi/Desktop/TRABAJO_SED_DEFINITIVO_2/con_top_sin_display/con_top_sin_display.srcs/sources_1/new/SYNK_B.vhd:34' bound to instance 'sync_B5' of component 'SYNK_B' [C:/Users/chemi/Desktop/TRABAJO_SED_DEFINITIVO_2/con_top_sin_display/con_top_sin_display.srcs/sources_1/new/TOP_final.vhd:78]
INFO: [Synth 8-3491] module 'EDGEDTR' declared at 'C:/Users/chemi/Desktop/TRABAJO_SED_DEFINITIVO_2/con_top_sin_display/con_top_sin_display.srcs/sources_1/new/EDGEDTR.vhd:34' bound to instance 'edge_B1' of component 'EDGEDTR' [C:/Users/chemi/Desktop/TRABAJO_SED_DEFINITIVO_2/con_top_sin_display/con_top_sin_display.srcs/sources_1/new/TOP_final.vhd:80]
INFO: [Synth 8-638] synthesizing module 'EDGEDTR' [C:/Users/chemi/Desktop/TRABAJO_SED_DEFINITIVO_2/con_top_sin_display/con_top_sin_display.srcs/sources_1/new/EDGEDTR.vhd:42]
INFO: [Synth 8-256] done synthesizing module 'EDGEDTR' (0#1) [C:/Users/chemi/Desktop/TRABAJO_SED_DEFINITIVO_2/con_top_sin_display/con_top_sin_display.srcs/sources_1/new/EDGEDTR.vhd:42]
INFO: [Synth 8-3491] module 'EDGEDTR' declared at 'C:/Users/chemi/Desktop/TRABAJO_SED_DEFINITIVO_2/con_top_sin_display/con_top_sin_display.srcs/sources_1/new/EDGEDTR.vhd:34' bound to instance 'edge_B2' of component 'EDGEDTR' [C:/Users/chemi/Desktop/TRABAJO_SED_DEFINITIVO_2/con_top_sin_display/con_top_sin_display.srcs/sources_1/new/TOP_final.vhd:81]
INFO: [Synth 8-3491] module 'EDGEDTR' declared at 'C:/Users/chemi/Desktop/TRABAJO_SED_DEFINITIVO_2/con_top_sin_display/con_top_sin_display.srcs/sources_1/new/EDGEDTR.vhd:34' bound to instance 'edge_B3' of component 'EDGEDTR' [C:/Users/chemi/Desktop/TRABAJO_SED_DEFINITIVO_2/con_top_sin_display/con_top_sin_display.srcs/sources_1/new/TOP_final.vhd:82]
INFO: [Synth 8-3491] module 'EDGEDTR' declared at 'C:/Users/chemi/Desktop/TRABAJO_SED_DEFINITIVO_2/con_top_sin_display/con_top_sin_display.srcs/sources_1/new/EDGEDTR.vhd:34' bound to instance 'edge_B4' of component 'EDGEDTR' [C:/Users/chemi/Desktop/TRABAJO_SED_DEFINITIVO_2/con_top_sin_display/con_top_sin_display.srcs/sources_1/new/TOP_final.vhd:83]
INFO: [Synth 8-3491] module 'EDGEDTR' declared at 'C:/Users/chemi/Desktop/TRABAJO_SED_DEFINITIVO_2/con_top_sin_display/con_top_sin_display.srcs/sources_1/new/EDGEDTR.vhd:34' bound to instance 'edge_B5' of component 'EDGEDTR' [C:/Users/chemi/Desktop/TRABAJO_SED_DEFINITIVO_2/con_top_sin_display/con_top_sin_display.srcs/sources_1/new/TOP_final.vhd:84]
INFO: [Synth 8-3491] module 'FMS_GENERAL' declared at 'C:/Users/chemi/Desktop/TRABAJO_SED_DEFINITIVO_2/con_top_sin_display/con_top_sin_display.srcs/sources_1/imports/Downloads/FMS_GEN2012.vhd:6' bound to instance 'maquina' of component 'FMS_GENERAL' [C:/Users/chemi/Desktop/TRABAJO_SED_DEFINITIVO_2/con_top_sin_display/con_top_sin_display.srcs/sources_1/new/TOP_final.vhd:87]
INFO: [Synth 8-638] synthesizing module 'FMS_GENERAL' [C:/Users/chemi/Desktop/TRABAJO_SED_DEFINITIVO_2/con_top_sin_display/con_top_sin_display.srcs/sources_1/imports/Downloads/FMS_GEN2012.vhd:17]
	Parameter n bound to: 3 - type: integer 
INFO: [Synth 8-3491] module 'FMS_CREATE' declared at 'C:/Users/chemi/Desktop/TRABAJO_SED_DEFINITIVO_2/con_top_sin_display/con_top_sin_display.srcs/sources_1/imports/Downloads/FMS_CREATE1812.vhd:14' bound to instance 'crea' of component 'FMS_CREATE' [C:/Users/chemi/Desktop/TRABAJO_SED_DEFINITIVO_2/con_top_sin_display/con_top_sin_display.srcs/sources_1/imports/Downloads/FMS_GEN2012.vhd:48]
INFO: [Synth 8-638] synthesizing module 'FMS_CREATE' [C:/Users/chemi/Desktop/TRABAJO_SED_DEFINITIVO_2/con_top_sin_display/con_top_sin_display.srcs/sources_1/imports/Downloads/FMS_CREATE1812.vhd:25]
INFO: [Synth 8-226] default block is never used [C:/Users/chemi/Desktop/TRABAJO_SED_DEFINITIVO_2/con_top_sin_display/con_top_sin_display.srcs/sources_1/imports/Downloads/FMS_CREATE1812.vhd:50]
WARNING: [Synth 8-614] signal 'CURRENT_STATE' is read in the process but is not in the sensitivity list [C:/Users/chemi/Desktop/TRABAJO_SED_DEFINITIVO_2/con_top_sin_display/con_top_sin_display.srcs/sources_1/imports/Downloads/FMS_CREATE1812.vhd:46]
INFO: [Synth 8-226] default block is never used [C:/Users/chemi/Desktop/TRABAJO_SED_DEFINITIVO_2/con_top_sin_display/con_top_sin_display.srcs/sources_1/imports/Downloads/FMS_CREATE1812.vhd:68]
WARNING: [Synth 8-614] signal 'SW' is read in the process but is not in the sensitivity list [C:/Users/chemi/Desktop/TRABAJO_SED_DEFINITIVO_2/con_top_sin_display/con_top_sin_display.srcs/sources_1/imports/Downloads/FMS_CREATE1812.vhd:65]
WARNING: [Synth 8-614] signal 'B5' is read in the process but is not in the sensitivity list [C:/Users/chemi/Desktop/TRABAJO_SED_DEFINITIVO_2/con_top_sin_display/con_top_sin_display.srcs/sources_1/imports/Downloads/FMS_CREATE1812.vhd:65]
INFO: [Synth 8-256] done synthesizing module 'FMS_CREATE' (0#1) [C:/Users/chemi/Desktop/TRABAJO_SED_DEFINITIVO_2/con_top_sin_display/con_top_sin_display.srcs/sources_1/imports/Downloads/FMS_CREATE1812.vhd:25]
INFO: [Synth 8-3491] module 'FMS_COMPROBATION' declared at 'C:/Users/chemi/Desktop/TRABAJO_SED_DEFINITIVO_2/con_top_sin_display/con_top_sin_display.srcs/sources_1/imports/Downloads/FMS_COMPROBATION1812.vhd:14' bound to instance 'COMP' of component 'FMS_COMPROBATION' [C:/Users/chemi/Desktop/TRABAJO_SED_DEFINITIVO_2/con_top_sin_display/con_top_sin_display.srcs/sources_1/imports/Downloads/FMS_GEN2012.vhd:49]
INFO: [Synth 8-638] synthesizing module 'FMS_COMPROBATION' [C:/Users/chemi/Desktop/TRABAJO_SED_DEFINITIVO_2/con_top_sin_display/con_top_sin_display.srcs/sources_1/imports/Downloads/FMS_COMPROBATION1812.vhd:24]
INFO: [Synth 8-226] default block is never used [C:/Users/chemi/Desktop/TRABAJO_SED_DEFINITIVO_2/con_top_sin_display/con_top_sin_display.srcs/sources_1/imports/Downloads/FMS_COMPROBATION1812.vhd:49]
WARNING: [Synth 8-614] signal 'CURRENT_STATE' is read in the process but is not in the sensitivity list [C:/Users/chemi/Desktop/TRABAJO_SED_DEFINITIVO_2/con_top_sin_display/con_top_sin_display.srcs/sources_1/imports/Downloads/FMS_COMPROBATION1812.vhd:45]
INFO: [Synth 8-226] default block is never used [C:/Users/chemi/Desktop/TRABAJO_SED_DEFINITIVO_2/con_top_sin_display/con_top_sin_display.srcs/sources_1/imports/Downloads/FMS_COMPROBATION1812.vhd:67]
WARNING: [Synth 8-614] signal 'SW' is read in the process but is not in the sensitivity list [C:/Users/chemi/Desktop/TRABAJO_SED_DEFINITIVO_2/con_top_sin_display/con_top_sin_display.srcs/sources_1/imports/Downloads/FMS_COMPROBATION1812.vhd:64]
WARNING: [Synth 8-614] signal 'C' is read in the process but is not in the sensitivity list [C:/Users/chemi/Desktop/TRABAJO_SED_DEFINITIVO_2/con_top_sin_display/con_top_sin_display.srcs/sources_1/imports/Downloads/FMS_COMPROBATION1812.vhd:64]
WARNING: [Synth 8-614] signal 'B5' is read in the process but is not in the sensitivity list [C:/Users/chemi/Desktop/TRABAJO_SED_DEFINITIVO_2/con_top_sin_display/con_top_sin_display.srcs/sources_1/imports/Downloads/FMS_COMPROBATION1812.vhd:64]
INFO: [Synth 8-256] done synthesizing module 'FMS_COMPROBATION' (0#1) [C:/Users/chemi/Desktop/TRABAJO_SED_DEFINITIVO_2/con_top_sin_display/con_top_sin_display.srcs/sources_1/imports/Downloads/FMS_COMPROBATION1812.vhd:24]
WARNING: [Synth 8-614] signal 'CURRENT_STATE' is read in the process but is not in the sensitivity list [C:/Users/chemi/Desktop/TRABAJO_SED_DEFINITIVO_2/con_top_sin_display/con_top_sin_display.srcs/sources_1/imports/Downloads/FMS_GEN2012.vhd:60]
WARNING: [Synth 8-614] signal 'OK_CREA' is read in the process but is not in the sensitivity list [C:/Users/chemi/Desktop/TRABAJO_SED_DEFINITIVO_2/con_top_sin_display/con_top_sin_display.srcs/sources_1/imports/Downloads/FMS_GEN2012.vhd:60]
WARNING: [Synth 8-614] signal 'OK_COMP' is read in the process but is not in the sensitivity list [C:/Users/chemi/Desktop/TRABAJO_SED_DEFINITIVO_2/con_top_sin_display/con_top_sin_display.srcs/sources_1/imports/Downloads/FMS_GEN2012.vhd:60]
WARNING: [Synth 8-614] signal 'OK_CREA' is read in the process but is not in the sensitivity list [C:/Users/chemi/Desktop/TRABAJO_SED_DEFINITIVO_2/con_top_sin_display/con_top_sin_display.srcs/sources_1/imports/Downloads/FMS_GEN2012.vhd:85]
WARNING: [Synth 8-614] signal 'OK_COMP' is read in the process but is not in the sensitivity list [C:/Users/chemi/Desktop/TRABAJO_SED_DEFINITIVO_2/con_top_sin_display/con_top_sin_display.srcs/sources_1/imports/Downloads/FMS_GEN2012.vhd:85]
INFO: [Synth 8-256] done synthesizing module 'FMS_GENERAL' (0#1) [C:/Users/chemi/Desktop/TRABAJO_SED_DEFINITIVO_2/con_top_sin_display/con_top_sin_display.srcs/sources_1/imports/Downloads/FMS_GEN2012.vhd:17]
INFO: [Synth 8-256] done synthesizing module 'TOP_final' (0#1) [C:/Users/chemi/Desktop/TRABAJO_SED_DEFINITIVO_2/con_top_sin_display/con_top_sin_display.srcs/sources_1/new/TOP_final.vhd:45]
---------------------------------------------------------------------------------
Finished RTL Elaboration : Time (s): cpu = 00:00:07 ; elapsed = 00:00:11 . Memory (MB): peak = 1391.371 ; gain = 0.000
---------------------------------------------------------------------------------
---------------------------------------------------------------------------------
Start Handling Custom Attributes
---------------------------------------------------------------------------------
---------------------------------------------------------------------------------
Finished Handling Custom Attributes : Time (s): cpu = 00:00:07 ; elapsed = 00:00:12 . Memory (MB): peak = 1391.371 ; gain = 0.000
---------------------------------------------------------------------------------
---------------------------------------------------------------------------------
Finished RTL Optimization Phase 1 : Time (s): cpu = 00:00:07 ; elapsed = 00:00:12 . Memory (MB): peak = 1391.371 ; gain = 0.000
---------------------------------------------------------------------------------
Netlist sorting complete. Time (s): cpu = 00:00:00 ; elapsed = 00:00:00.001 . Memory (MB): peak = 1391.371 ; gain = 0.000
INFO: [Project 1-570] Preparing netlist for logic optimization

Processing XDC Constraints
Initializing timing engine
Parsing XDC File [C:/Users/chemi/Desktop/TRABAJO_SED_DEFINITIVO_2/con_top_sin_display/con_top_sin_display.srcs/constrs_1/imports/Downloads/Nexys4DDR_Master3.xdc]
Finished Parsing XDC File [C:/Users/chemi/Desktop/TRABAJO_SED_DEFINITIVO_2/con_top_sin_display/con_top_sin_display.srcs/constrs_1/imports/Downloads/Nexys4DDR_Master3.xdc]
INFO: [Project 1-236] Implementation specific constraints were found while reading constraint file [C:/Users/chemi/Desktop/TRABAJO_SED_DEFINITIVO_2/con_top_sin_display/con_top_sin_display.srcs/constrs_1/imports/Downloads/Nexys4DDR_Master3.xdc]. These constraints will be ignored for synthesis but will be used in implementation. Impacted constraints are listed in the file [.Xil/TOP_final_propImpl.xdc].
Resolution: To avoid this warning, move constraints listed in [.Xil/TOP_final_propImpl.xdc] to another XDC file and exclude this new file from synthesis with the used_in_synthesis property (File Properties dialog in GUI) and re-run elaboration/synthesis.
Completed Processing XDC Constraints

Netlist sorting complete. Time (s): cpu = 00:00:00 ; elapsed = 00:00:00 . Memory (MB): peak = 1391.371 ; gain = 0.000
INFO: [Project 1-111] Unisim Transformation Summary:
No Unisim elements were transformed.

Constraint Validation Runtime : Time (s): cpu = 00:00:00 ; elapsed = 00:00:00.033 . Memory (MB): peak = 1391.371 ; gain = 0.000
INFO: [Designutils 20-5440] No compile time benefit to using incremental synthesis; A full resynthesis will be run
INFO: [Designutils 20-4379] Flow is switching to default flow due to incremental criteria not met. If you would like to alter this behaviour and have the flow terminate instead, please set the following parameter config_implementation {autoIncr.Synth.RejectBehavior Terminate}
---------------------------------------------------------------------------------
Finished Constraint Validation : Time (s): cpu = 00:00:15 ; elapsed = 00:00:22 . Memory (MB): peak = 1391.371 ; gain = 0.000
---------------------------------------------------------------------------------
---------------------------------------------------------------------------------
Start Loading Part and Timing Information
---------------------------------------------------------------------------------
Loading part: xc7a100tcsg324-1
---------------------------------------------------------------------------------
Finished Loading Part and Timing Information : Time (s): cpu = 00:00:15 ; elapsed = 00:00:22 . Memory (MB): peak = 1391.371 ; gain = 0.000
---------------------------------------------------------------------------------
---------------------------------------------------------------------------------
Start Applying 'set_property' XDC Constraints
---------------------------------------------------------------------------------
---------------------------------------------------------------------------------
Finished applying 'set_property' XDC Constraints : Time (s): cpu = 00:00:15 ; elapsed = 00:00:22 . Memory (MB): peak = 1391.371 ; gain = 0.000
---------------------------------------------------------------------------------
INFO: [Synth 8-802] inferred FSM for state register 'CURRENT_STATE_reg' in module 'FMS_GENERAL'
WARNING: [Synth 8-327] inferring latch for variable 'V_reg' [C:/Users/chemi/Desktop/TRABAJO_SED_DEFINITIVO_2/con_top_sin_display/con_top_sin_display.srcs/sources_1/imports/Downloads/FMS_CREATE1812.vhd:74]
WARNING: [Synth 8-327] inferring latch for variable 'OK_CREATE_reg' [C:/Users/chemi/Desktop/TRABAJO_SED_DEFINITIVO_2/con_top_sin_display/con_top_sin_display.srcs/sources_1/imports/Downloads/FMS_CREATE1812.vhd:71]
WARNING: [Synth 8-327] inferring latch for variable 'OK_COMPROBATION_reg' [C:/Users/chemi/Desktop/TRABAJO_SED_DEFINITIVO_2/con_top_sin_display/con_top_sin_display.srcs/sources_1/imports/Downloads/FMS_COMPROBATION1812.vhd:69]
---------------------------------------------------------------------------------------------------
                   State |                     New Encoding |                Previous Encoding 
---------------------------------------------------------------------------------------------------
                   s_ini |                              001 |                               00
                  s_crea |                              010 |                               10
                  s_comp |                              100 |                               01
---------------------------------------------------------------------------------------------------
INFO: [Synth 8-3354] encoded FSM with state register 'CURRENT_STATE_reg' using encoding 'one-hot' in module 'FMS_GENERAL'
WARNING: [Synth 8-327] inferring latch for variable 'START_CREA_reg' [C:/Users/chemi/Desktop/TRABAJO_SED_DEFINITIVO_2/con_top_sin_display/con_top_sin_display.srcs/sources_1/imports/Downloads/FMS_GEN2012.vhd:48]
WARNING: [Synth 8-327] inferring latch for variable 'START_COMP_reg' [C:/Users/chemi/Desktop/TRABAJO_SED_DEFINITIVO_2/con_top_sin_display/con_top_sin_display.srcs/sources_1/imports/Downloads/FMS_GEN2012.vhd:49]
---------------------------------------------------------------------------------
Finished RTL Optimization Phase 2 : Time (s): cpu = 00:00:15 ; elapsed = 00:00:22 . Memory (MB): peak = 1391.371 ; gain = 0.000
---------------------------------------------------------------------------------
---------------------------------------------------------------------------------
Start RTL Component Statistics 
---------------------------------------------------------------------------------
Detailed RTL Component Info : 
+---Registers : 
	                3 Bit    Registers := 5     
	                2 Bit    Registers := 5     
	                1 Bit    Registers := 7     
+---Muxes : 
	   3 Input    3 Bit        Muxes := 1     
	   2 Input    3 Bit        Muxes := 1     
	   2 Input    1 Bit        Muxes := 15    
	   3 Input    1 Bit        Muxes := 1     
---------------------------------------------------------------------------------
Finished RTL Component Statistics 
---------------------------------------------------------------------------------
---------------------------------------------------------------------------------
Start Part Resource Summary
---------------------------------------------------------------------------------
Part Resources:
DSPs: 240 (col length:80)
BRAMs: 270 (col length: RAMB18 80 RAMB36 40)
---------------------------------------------------------------------------------
Finished Part Resource Summary
---------------------------------------------------------------------------------
---------------------------------------------------------------------------------
Start Cross Boundary and Area Optimization
---------------------------------------------------------------------------------
WARNING: [Synth 8-7080] Parallel synthesis criteria is not met
WARNING: [Synth 8-3917] design TOP_final has port VISUAL[3] driven by constant 0
---------------------------------------------------------------------------------
Finished Cross Boundary and Area Optimization : Time (s): cpu = 00:00:17 ; elapsed = 00:00:25 . Memory (MB): peak = 1391.371 ; gain = 0.000
---------------------------------------------------------------------------------
---------------------------------------------------------------------------------
Start Applying XDC Timing Constraints
---------------------------------------------------------------------------------
---------------------------------------------------------------------------------
Finished Applying XDC Timing Constraints : Time (s): cpu = 00:00:24 ; elapsed = 00:00:32 . Memory (MB): peak = 1391.371 ; gain = 0.000
---------------------------------------------------------------------------------
---------------------------------------------------------------------------------
Start Timing Optimization
---------------------------------------------------------------------------------
---------------------------------------------------------------------------------
Finished Timing Optimization : Time (s): cpu = 00:00:24 ; elapsed = 00:00:32 . Memory (MB): peak = 1391.371 ; gain = 0.000
---------------------------------------------------------------------------------
---------------------------------------------------------------------------------
Start Technology Mapping
---------------------------------------------------------------------------------
---------------------------------------------------------------------------------
Finished Technology Mapping : Time (s): cpu = 00:00:24 ; elapsed = 00:00:32 . Memory (MB): peak = 1391.371 ; gain = 0.000
---------------------------------------------------------------------------------
---------------------------------------------------------------------------------
Start IO Insertion
---------------------------------------------------------------------------------
---------------------------------------------------------------------------------
Start Flattening Before IO Insertion
---------------------------------------------------------------------------------
---------------------------------------------------------------------------------
Finished Flattening Before IO Insertion
---------------------------------------------------------------------------------
---------------------------------------------------------------------------------
Start Final Netlist Cleanup
---------------------------------------------------------------------------------
---------------------------------------------------------------------------------
Finished Final Netlist Cleanup
---------------------------------------------------------------------------------
---------------------------------------------------------------------------------
Finished IO Insertion : Time (s): cpu = 00:00:30 ; elapsed = 00:00:37 . Memory (MB): peak = 1391.371 ; gain = 0.000
---------------------------------------------------------------------------------
---------------------------------------------------------------------------------
Start Renaming Generated Instances
---------------------------------------------------------------------------------
---------------------------------------------------------------------------------
Finished Renaming Generated Instances : Time (s): cpu = 00:00:30 ; elapsed = 00:00:37 . Memory (MB): peak = 1391.371 ; gain = 0.000
---------------------------------------------------------------------------------
---------------------------------------------------------------------------------
Start Rebuilding User Hierarchy
---------------------------------------------------------------------------------
---------------------------------------------------------------------------------
Finished Rebuilding User Hierarchy : Time (s): cpu = 00:00:30 ; elapsed = 00:00:37 . Memory (MB): peak = 1391.371 ; gain = 0.000
---------------------------------------------------------------------------------
---------------------------------------------------------------------------------
Start Renaming Generated Ports
---------------------------------------------------------------------------------
---------------------------------------------------------------------------------
Finished Renaming Generated Ports : Time (s): cpu = 00:00:30 ; elapsed = 00:00:37 . Memory (MB): peak = 1391.371 ; gain = 0.000
---------------------------------------------------------------------------------
---------------------------------------------------------------------------------
Start Handling Custom Attributes
---------------------------------------------------------------------------------
---------------------------------------------------------------------------------
Finished Handling Custom Attributes : Time (s): cpu = 00:00:30 ; elapsed = 00:00:37 . Memory (MB): peak = 1391.371 ; gain = 0.000
---------------------------------------------------------------------------------
---------------------------------------------------------------------------------
Start Renaming Generated Nets
---------------------------------------------------------------------------------
---------------------------------------------------------------------------------
Finished Renaming Generated Nets : Time (s): cpu = 00:00:30 ; elapsed = 00:00:37 . Memory (MB): peak = 1391.371 ; gain = 0.000
---------------------------------------------------------------------------------
---------------------------------------------------------------------------------
Start ROM, RAM, DSP, Shift Register and Retiming Reporting
---------------------------------------------------------------------------------

Static Shift Register Report:
+------------+---------------------+--------+-------+--------------+--------------------+-------------------+--------+---------+
|Module Name | RTL Name            | Length | Width | Reset Signal | Pull out first Reg | Pull out last Reg | SRL16E | SRLC32E | 
+------------+---------------------+--------+-------+--------------+--------------------+-------------------+--------+---------+
|TOP_final   | edge_B1/sreg_reg[0] | 4      | 1     | NO           | YES                | YES               | 1      | 0       | 
|TOP_final   | edge_B2/sreg_reg[0] | 4      | 1     | NO           | YES                | YES               | 1      | 0       | 
|TOP_final   | edge_B3/sreg_reg[0] | 4      | 1     | NO           | YES                | YES               | 1      | 0       | 
|TOP_final   | edge_B4/sreg_reg[0] | 4      | 1     | NO           | YES                | YES               | 1      | 0       | 
|TOP_final   | edge_B5/sreg_reg[0] | 4      | 1     | NO           | YES                | YES               | 1      | 0       | 
+------------+---------------------+--------+-------+--------------+--------------------+-------------------+--------+---------+

---------------------------------------------------------------------------------
Finished ROM, RAM, DSP, Shift Register and Retiming Reporting
---------------------------------------------------------------------------------
---------------------------------------------------------------------------------
Start Writing Synthesis Report
---------------------------------------------------------------------------------

Report BlackBoxes: 
+-+--------------+----------+
| |BlackBox name |Instances |
+-+--------------+----------+
+-+--------------+----------+

Report Cell Usage: 
+------+-------+------+
|      |Cell   |Count |
+------+-------+------+
|1     |BUFG   |     1|
|2     |LUT1   |     5|
|3     |LUT3   |     2|
|4     |LUT4   |     2|
|5     |LUT5   |     3|
|6     |LUT6   |     7|
|7     |SRL16E |     5|
|8     |FDCE   |     4|
|9     |FDPE   |     1|
|10    |FDRE   |    20|
|11    |LD     |     6|
|12    |LDC    |     2|
|13    |IBUF   |    15|
|14    |OBUF   |     4|
+------+-------+------+
---------------------------------------------------------------------------------
Finished Writing Synthesis Report : Time (s): cpu = 00:00:30 ; elapsed = 00:00:37 . Memory (MB): peak = 1391.371 ; gain = 0.000
---------------------------------------------------------------------------------
Synthesis finished with 0 errors, 0 critical warnings and 7 warnings.
Synthesis Optimization Runtime : Time (s): cpu = 00:00:21 ; elapsed = 00:00:34 . Memory (MB): peak = 1391.371 ; gain = 0.000
Synthesis Optimization Complete : Time (s): cpu = 00:00:30 ; elapsed = 00:00:38 . Memory (MB): peak = 1391.371 ; gain = 0.000
INFO: [Project 1-571] Translating synthesized netlist
Netlist sorting complete. Time (s): cpu = 00:00:00 ; elapsed = 00:00:00.001 . Memory (MB): peak = 1391.371 ; gain = 0.000
INFO: [Netlist 29-17] Analyzing 8 Unisim elements for replacement
INFO: [Netlist 29-28] Unisim Transformation completed in 0 CPU seconds
INFO: [Project 1-570] Preparing netlist for logic optimization
INFO: [Opt 31-138] Pushed 0 inverter(s) to 0 load pin(s).
Netlist sorting complete. Time (s): cpu = 00:00:00 ; elapsed = 00:00:00 . Memory (MB): peak = 1391.371 ; gain = 0.000
INFO: [Project 1-111] Unisim Transformation Summary:
  A total of 8 instances were transformed.
  LD => LDCE: 6 instances
  LDC => LDCE: 2 instances

Synth Design complete, checksum: 13b211b7
INFO: [Common 17-83] Releasing license: Synthesis
52 Infos, 19 Warnings, 0 Critical Warnings and 0 Errors encountered.
synth_design completed successfully
synth_design: Time (s): cpu = 00:00:35 ; elapsed = 00:00:46 . Memory (MB): peak = 1391.371 ; gain = 0.000
INFO: [Common 17-1381] The checkpoint 'C:/Users/chemi/Desktop/TRABAJO_SED_DEFINITIVO_2/con_top_sin_display/con_top_sin_display.runs/synth_1/TOP_final.dcp' has been generated.
INFO: [runtcl-4] Executing : report_utilization -file TOP_final_utilization_synth.rpt -pb TOP_final_utilization_synth.pb
INFO: [Common 17-206] Exiting Vivado at Mon Jan  9 19:04:09 2023...
